[23Dec2024 00:00:00.484] [Server thread/INFO] [net.minecraft.server.MinecraftServer/]: [xDogSaur: Set own game mode to Creative Mode]
[23Dec2024 00:00:23.304] [Server thread/INFO] [net.minecraft.server.MinecraftServer/]: Luzbel1t0 was shot by Skeleton
[23Dec2024 00:00:26.558] [Server thread/INFO] [net.minecraft.server.MinecraftServer/]: Nucaraga has made the advancement [Crops of the Wild]
[23Dec2024 00:02:26.892] [Server thread/INFO] [net.minecraft.server.MinecraftServer/]: Nucaraga has made the advancement [I Found It Underground]
[23Dec2024 00:03:04.777] [Server thread/INFO] [net.minecraft.server.MinecraftServer/]: [xDogSaur: Set own game mode to Survival Mode]
[23Dec2024 00:04:13.764] [Server thread/INFO] [net.minecraft.server.MinecraftServer/]: [xDogSaur: Teleported xDogSaur to Nucaraga]
[23Dec2024 00:04:53.138] [Server thread/INFO] [net.minecraft.server.MinecraftServer/]: [xDogSaur: Teleported xDogSaur to Afarfa]
[23Dec2024 00:05:23.288] [Server thread/INFO] [net.minecraft.server.MinecraftServer/]: [xDogSaur: Made Kuro no longer a server operator]
[23Dec2024 00:05:25.349] [Server thread/INFO] [net.minecraft.server.MinecraftServer/]: [xDogSaur: Set own game mode to Creative Mode]
[23Dec2024 00:05:32.814] [Server thread/INFO] [net.minecraft.server.MinecraftServer/]: Luzbel1t0 froze to death
[23Dec2024 00:06:06.935] [Server thread/INFO] [net.minecraft.server.MinecraftServer/]: Nucaraga has made the advancement [How'd You Get This?]
[23Dec2024 00:06:34.784] [Server thread/INFO] [net.minecraft.server.MinecraftServer/]: Nucaraga was slain by Zombie
[23Dec2024 00:06:34.942] [Netty Epoll Server IO #0/ERROR] [net.bettercombat.network.ServerNetwork/]: Server handling Packets.C2S_AttackRequest - No current attack hand!
[23Dec2024 00:06:34.943] [Netty Epoll Server IO #0/ERROR] [net.bettercombat.network.ServerNetwork/]: Combo count: 1 is dual wielding: false
[23Dec2024 00:06:34.943] [Netty Epoll Server IO #0/ERROR] [net.bettercombat.network.ServerNetwork/]: Main-hand stack: 0 air
[23Dec2024 00:06:34.952] [Netty Epoll Server IO #0/ERROR] [net.bettercombat.network.ServerNetwork/]: Off-hand stack: 0 air
[23Dec2024 00:06:34.952] [Netty Epoll Server IO #0/ERROR] [net.bettercombat.network.ServerNetwork/]: Selected slot server: 0 | client: 0
[23Dec2024 00:06:42.771] [Server thread/INFO] [net.minecraft.server.MinecraftServer/]: [xDogSaur: Set own game mode to Survival Mode]
[23Dec2024 00:06:48.193] [Server thread/INFO] [net.minecraft.server.MinecraftServer/]: [xDogSaur: Teleported Nucaraga to xDogSaur]
[23Dec2024 00:06:55.545] [Server thread/INFO] [net.minecraft.server.MinecraftServer/]: Nucaraga has made the advancement [Sweet Dreams]
[23Dec2024 00:08:26.442] [Server thread/INFO] [net.minecraft.server.MinecraftServer/]: Afarfa has made the advancement [Bonfire Lit]
[23Dec2024 00:09:44.538] [Server thread/INFO] [net.minecraft.server.MinecraftServer/]: Luzbel1t0 has made the advancement [How'd You Get This?]
[23Dec2024 00:09:45.542] [Server thread/INFO] [net.minecraft.server.MinecraftServer/]: Luzbel1t0 has reached the goal [Worthy Equipment]
[23Dec2024 00:09:46.027] [Server thread/INFO] [net.minecraft.server.MinecraftServer/]: Luzbel1t0 has made the advancement [Amateur Archaeologist]
[23Dec2024 00:10:23.901] [Server thread/INFO] [net.minecraft.server.MinecraftServer/]: [xDogSaur: Set own game mode to Creative Mode]
[23Dec2024 00:11:18.252] [Server thread/WARN] [net.minecraft.server.MinecraftServer/]: Can't keep up! Is the server overloaded? Running 2040ms or 40 ticks behind
[23Dec2024 00:11:48.471] [Server thread/INFO] [net.minecraft.server.MinecraftServer/]: xDogSaur has reached the goal [Flawless Crystals]
[23Dec2024 00:14:18.956] [Server thread/INFO] [net.minecraft.server.MinecraftServer/]: [Not Secure] <xDogSaur> a
[23Dec2024 00:19:03.246] [Server thread/INFO] [net.minecraft.server.network.ServerGamePacketListenerImpl/]: Afarfa lost connection: Disconnected
[23Dec2024 00:19:03.247] [Server thread/INFO] [net.minecraft.server.MinecraftServer/]: Afarfa left the game
[23Dec2024 00:20:02.528] [Server thread/WARN] [net.minecraft.server.MinecraftServer/]: Can't keep up! Is the server overloaded? Running 2017ms or 40 ticks behind
[23Dec2024 00:20:59.541] [Server thread/WARN] [net.minecraft.server.MinecraftServer/]: Can't keep up! Is the server overloaded? Running 2029ms or 40 ticks behind
[23Dec2024 00:21:19.433] [Server thread/WARN] [net.minecraft.server.MinecraftServer/]: Can't keep up! Is the server overloaded? Running 2021ms or 40 ticks behind
[23Dec2024 00:21:37.195] [Server thread/WARN] [net.minecraft.server.MinecraftServer/]: Can't keep up! Is the server overloaded? Running 2784ms or 55 ticks behind
[23Dec2024 00:21:38.133] [Server thread/INFO] [net.minecraft.server.MinecraftServer/]: Nucaraga has made the advancement [Not Today, Thank You]
[23Dec2024 00:21:39.393] [Server thread/INFO] [net.minecraft.server.MinecraftServer/]: [Not Secure] <xDogSaur> a
[23Dec2024 00:22:16.434] [Server thread/INFO] [net.minecraft.server.MinecraftServer/]: Luzbel1t0 was shot by Skeleton
[23Dec2024 00:22:23.283] [Server thread/INFO] [net.minecraft.server.MinecraftServer/]: [xDogSaur: Teleported Luzbel1t0 to xDogSaur]
[23Dec2024 00:22:27.312] [Server thread/INFO] [net.minecraft.server.MinecraftServer/]: [xDogSaur: Teleported Luzbel1t0 to Nucaraga]
[23Dec2024 00:23:46.438] [Server thread/WARN] [net.minecraft.server.MinecraftServer/]: Can't keep up! Is the server overloaded? Running 2026ms or 40 ticks behind
[23Dec2024 00:24:51.006] [Server thread/INFO] [net.minecraft.server.MinecraftServer/]: Luzbel1t0 has made the advancement [Chest Slayer]
[23Dec2024 00:25:28.486] [Server thread/WARN] [net.minecraft.server.MinecraftServer/]: Can't keep up! Is the server overloaded? Running 2024ms or 40 ticks behind
[23Dec2024 00:25:45.785] [Server thread/WARN] [net.minecraft.server.MinecraftServer/]: Can't keep up! Is the server overloaded? Running 2324ms or 46 ticks behind
[23Dec2024 00:26:29.616] [Server thread/WARN] [net.minecraft.server.MinecraftServer/]: Can't keep up! Is the server overloaded? Running 2055ms or 41 ticks behind
[23Dec2024 00:26:48.147] [Server thread/WARN] [net.minecraft.server.MinecraftServer/]: Can't keep up! Is the server overloaded? Running 2036ms or 40 ticks behind
[23Dec2024 00:27:10.834] [Server thread/WARN] [net.minecraft.server.MinecraftServer/]: Can't keep up! Is the server overloaded? Running 2022ms or 40 ticks behind
[23Dec2024 00:29:02.760] [Server thread/INFO] [net.minecraft.world.entity.npc.Villager/]: Villager Villager['Fletcher'/8894, l='ServerLevel[world]', x=249.61, y=73.00, z=73.08] died, message: 'Fletcher was slain by Zombie'
[23Dec2024 00:29:51.484] [Server thread/WARN] [net.minecraft.server.MinecraftServer/]: Can't keep up! Is the server overloaded? Running 2023ms or 40 ticks behind
[23Dec2024 00:30:10.327] [Server thread/WARN] [net.minecraft.server.MinecraftServer/]: Can't keep up! Is the server overloaded? Running 3866ms or 77 ticks behind
[23Dec2024 00:30:30.678] [Server thread/WARN] [net.minecraft.server.MinecraftServer/]: Can't keep up! Is the server overloaded? Running 2017ms or 40 ticks behind
[23Dec2024 00:30:58.725] [Server thread/INFO] [net.minecraft.server.players.PlayerList/]: Afarfa[/127.95.40.133:52981] logged in with entity id 84475 at (359.74392941959667, 63.0, -51.7703461724536)
[23Dec2024 00:30:58.799] [Server thread/INFO] [net.minecraft.server.MinecraftServer/]: Afarfa joined the game
[23Dec2024 00:30:58.975] [Server thread/INFO] [Jade/]: Syncing config to Afarfa (7d7a9792-b781-3893-9e35-be8b3107f4fe)
[23Dec2024 00:31:00.978] [Server thread/WARN] [net.minecraft.server.MinecraftServer/]: Can't keep up! Is the server overloaded? Running 2016ms or 40 ticks behind
[23Dec2024 00:31:40.764] [Server thread/WARN] [net.minecraft.server.MinecraftServer/]: Can't keep up! Is the server overloaded? Running 2002ms or 40 ticks behind
[23Dec2024 00:31:58.430] [Server thread/WARN] [net.minecraft.server.MinecraftServer/]: Can't keep up! Is the server overloaded? Running 2669ms or 53 ticks behind
[23Dec2024 00:32:37.161] [Server thread/INFO] [net.minecraft.server.MinecraftServer/]: [xDogSaur: Set own game mode to Survival Mode]
[23Dec2024 00:33:11.789] [Server thread/INFO] [net.minecraft.server.MinecraftServer/]: Luzbel1t0 was slain by Mimic
[23Dec2024 00:33:15.086] [Server thread/INFO] [net.minecraft.server.MinecraftServer/]: Nucaraga has made the advancement [Chest Slayer]
[23Dec2024 00:38:26.150] [Server thread/INFO] [net.minecraft.server.players.PlayerList/]: aw[/127.82.85.255:56115] logged in with entity id 87490 at (3.5, 78.0, 0.5)
[23Dec2024 00:38:26.172] [Server thread/INFO] [net.minecraft.server.MinecraftServer/]: aw joined the game
[23Dec2024 00:38:26.279] [Server thread/INFO] [Jade/]: Syncing config to aw (90b84ac2-daee-33a4-860d-84877eae8960)
[23Dec2024 00:38:31.140] [Server thread/WARN] [net.minecraft.server.MinecraftServer/]: Can't keep up! Is the server overloaded? Running 2079ms or 41 ticks behind
[23Dec2024 00:38:49.071] [Server thread/WARN] [net.minecraft.server.MinecraftServer/]: Can't keep up! Is the server overloaded? Running 2009ms or 40 ticks behind
[23Dec2024 00:39:08.085] [Server thread/INFO] [net.minecraft.server.MinecraftServer/]: [xDogSaur: Set own game mode to Creative Mode]
[23Dec2024 00:39:15.373] [Server thread/WARN] [net.minecraft.server.MinecraftServer/]: Can't keep up! Is the server overloaded? Running 2011ms or 40 ticks behind
[23Dec2024 00:39:33.433] [Server thread/WARN] [net.minecraft.server.MinecraftServer/]: Can't keep up! Is the server overloaded? Running 2021ms or 40 ticks behind
[23Dec2024 00:39:35.642] [Server thread/INFO] [net.minecraft.server.MinecraftServer/]: [xDogSaur: Set own game mode to Survival Mode]
[23Dec2024 00:39:40.532] [Server thread/INFO] [net.minecraft.server.MinecraftServer/]: [xDogSaur: Teleported aw to xDogSaur]
[23Dec2024 00:40:27.596] [Server thread/INFO] [net.minecraft.server.MinecraftServer/]: [Not Secure] <xDogSaur> a
[23Dec2024 00:40:34.732] [Server thread/INFO] [net.minecraft.server.MinecraftServer/]: [Not Secure] <Nucaraga> atatat
[23Dec2024 00:40:35.073] [Server thread/INFO] [net.minecraft.server.MinecraftServer/]: [Not Secure] <Nucaraga> a
[23Dec2024 00:40:36.136] [Server thread/INFO] [net.minecraft.server.MinecraftServer/]: [Not Secure] <Nucaraga> at
[23Dec2024 00:40:36.422] [Server thread/INFO] [net.minecraft.server.MinecraftServer/]: [Not Secure] <Nucaraga> a
[23Dec2024 00:40:36.600] [Server thread/INFO] [net.minecraft.server.MinecraftServer/]: [Not Secure] <Nucaraga> a
[23Dec2024 00:40:37.860] [Server thread/INFO] [net.minecraft.server.MinecraftServer/]: [Not Secure] <Nucaraga> a
[23Dec2024 00:40:38.149] [Server thread/INFO] [net.minecraft.server.MinecraftServer/]: [Not Secure] <Nucaraga> a
[23Dec2024 00:40:38.976] [Server thread/INFO] [net.minecraft.server.MinecraftServer/]: [Not Secure] <Nucaraga> a
[23Dec2024 00:40:39.148] [Server thread/INFO] [net.minecraft.server.MinecraftServer/]: [Not Secure] <Nucaraga> a
[23Dec2024 00:40:39.470] [Server thread/INFO] [net.minecraft.server.MinecraftServer/]: [Not Secure] <Nucaraga> a
[23Dec2024 00:40:43.159] [Server thread/INFO] [net.minecraft.server.MinecraftServer/]: aw has made the advancement [Stone Age]
[23Dec2024 00:41:59.068] [Server thread/WARN] [net.minecraft.server.MinecraftServer/]: Can't keep up! Is the server overloaded? Running 2006ms or 40 ticks behind
[23Dec2024 00:43:11.399] [Server thread/WARN] [net.minecraft.server.network.ServerGamePacketListenerImpl/]: aw moved wrongly!
[23Dec2024 00:44:57.819] [Server thread/WARN] [net.minecraft.server.network.ServerGamePacketListenerImpl/]: aw moved wrongly!
[23Dec2024 00:45:35.864] [Server thread/WARN] [net.minecraft.server.MinecraftServer/]: Can't keep up! Is the server overloaded? Running 2003ms or 40 ticks behind
[23Dec2024 00:45:42.040] [Server thread/ERROR] [net.minecraft.Util/]: Invalid entity rotation: NaN, discarding.
[23Dec2024 00:45:54.566] [Server thread/WARN] [net.minecraft.server.MinecraftServer/]: Can't keep up! Is the server overloaded? Running 3705ms or 74 ticks behind
[23Dec2024 00:45:58.034] [Server thread/INFO] [net.minecraft.server.network.ServerGamePacketListenerImpl/]: aw lost connection: Disconnected
[23Dec2024 00:45:58.034] [Server thread/INFO] [net.minecraft.server.MinecraftServer/]: aw left the game
[23Dec2024 00:46:09.345] [Server thread/INFO] [net.minecraft.server.players.PlayerList/]: aw[/127.82.85.255:59915] logged in with entity id 90902 at (333.82075357398713, 63.0, -47.2474097799079)
[23Dec2024 00:46:09.374] [Server thread/INFO] [net.minecraft.server.MinecraftServer/]: aw joined the game
[23Dec2024 00:46:09.453] [Server thread/INFO] [Jade/]: Syncing config to aw (90b84ac2-daee-33a4-860d-84877eae8960)
[23Dec2024 00:46:11.927] [Server thread/WARN] [net.minecraft.server.MinecraftServer/]: Can't keep up! Is the server overloaded? Running 2365ms or 47 ticks behind
[23Dec2024 00:46:29.551] [Server thread/WARN] [net.minecraft.server.MinecraftServer/]: Can't keep up! Is the server overloaded? Running 2640ms or 52 ticks behind
[23Dec2024 00:46:30.192] [Server thread/INFO] [net.minecraft.server.MinecraftServer/]: [xDogSaur: Summoned new Zombie]
[23Dec2024 00:46:32.206] [Worker-Main-8/ERROR] [net.minecraft.world.entity.decoration.HangingEntity/]: Hanging entity at invalid position: BlockPos{x=-2006, y=122, z=-6409}
[23Dec2024 00:46:32.216] [Worker-Main-8/ERROR] [net.minecraft.world.entity.decoration.HangingEntity/]: Hanging entity at invalid position: BlockPos{x=-2007, y=120, z=-6411}
[23Dec2024 00:46:32.217] [Worker-Main-8/ERROR] [net.minecraft.world.entity.decoration.HangingEntity/]: Hanging entity at invalid position: BlockPos{x=-2007, y=121, z=-6411}
[23Dec2024 00:46:32.217] [Worker-Main-8/ERROR] [net.minecraft.world.entity.decoration.HangingEntity/]: Hanging entity at invalid position: BlockPos{x=-2007, y=122, z=-6411}
[23Dec2024 00:46:47.162] [Server thread/WARN] [net.minecraft.server.MinecraftServer/]: Can't keep up! Is the server overloaded? Running 2650ms or 53 ticks behind
[23Dec2024 00:46:52.369] [Server thread/INFO] [net.minecraft.server.MinecraftServer/]: aw got cut in half by a Mechanical Saw
[23Dec2024 00:47:05.148] [Server thread/INFO] [net.minecraft.server.MinecraftServer/]: [xDogSaur: Teleported Luzbel1t0 to Nucaraga]
[23Dec2024 00:47:08.734] [Server thread/WARN] [net.minecraft.server.level.ServerPlayerGameMode/]: Mismatch in destroy block pos: BlockPos{x=0, y=0, z=0} BlockPos{x=2, y=82, z=4}
[23Dec2024 00:47:09.487] [Server thread/WARN] [net.minecraft.server.MinecraftServer/]: Can't keep up! Is the server overloaded? Running 7325ms or 146 ticks behind
[23Dec2024 00:47:12.271] [Server thread/INFO] [net.minecraft.server.MinecraftServer/]: [xDogSaur: Teleported aw to xDogSaur]
[23Dec2024 00:47:18.733] [Server thread/INFO] [net.minecraft.server.MinecraftServer/]: [Not Secure] <aw> a
[23Dec2024 00:47:27.547] [Server thread/WARN] [net.minecraft.server.MinecraftServer/]: Can't keep up! Is the server overloaded? Running 3085ms or 61 ticks behind
[23Dec2024 00:47:44.762] [Server thread/WARN] [net.minecraft.server.MinecraftServer/]: Can't keep up! Is the server overloaded? Running 2251ms or 45 ticks behind
[23Dec2024 00:48:02.782] [Server thread/WARN] [net.minecraft.server.MinecraftServer/]: Can't keep up! Is the server overloaded? Running 3021ms or 60 ticks behind
[23Dec2024 00:48:29.102] [Server thread/WARN] [net.minecraft.server.MinecraftServer/]: Can't keep up! Is the server overloaded? Running 2040ms or 40 ticks behind
[23Dec2024 00:48:46.396] [Server thread/WARN] [net.minecraft.server.MinecraftServer/]: Can't keep up! Is the server overloaded? Running 2335ms or 46 ticks behind
[23Dec2024 00:49:03.788] [Server thread/WARN] [net.minecraft.server.MinecraftServer/]: Can't keep up! Is the server overloaded? Running 2077ms or 41 ticks behind
[23Dec2024 00:50:27.124] [Server thread/WARN] [net.minecraft.server.MinecraftServer/]: Can't keep up! Is the server overloaded? Running 2013ms or 40 ticks behind
[23Dec2024 00:51:26.371] [Server thread/WARN] [net.minecraft.server.MinecraftServer/]: Can't keep up! Is the server overloaded? Running 2009ms or 40 ticks behind
[23Dec2024 00:51:51.396] [Server thread/WARN] [net.minecraft.server.MinecraftServer/]: Can't keep up! Is the server overloaded? Running 2034ms or 40 ticks behind
[23Dec2024 00:52:04.597] [Server thread/INFO] [net.minecraft.server.MinecraftServer/]: Nucaraga was pierced by Necromancer's icicle
